<?xml version="1.0" encoding="UTF-8"?>
<!-- Generated by org.testng.reporters.JUnitXMLReporter -->
<testsuite hostname="Mds-MacBook-Air.local" ignored="3" name="Default test" tests="1" failures="0" timestamp="2022-12-10T14:21:03 EST" time="20.976" errors="0">
  <testcase name="getCallListValidation" time="20.934" classname="test.Get_APITest"/>
  <testcase name="getStatusCodeValidation" time="0.0" classname="test.Get_APITest">
    <ignored/>
  </testcase> <!-- getStatusCodeValidation -->
  <testcase name="getCallBodyRespoonse" time="0.0" classname="test.Get_APITest">
    <ignored/>
  </testcase> <!-- getCallBodyRespoonse -->
  <testcase name="getCallComplexBodyValidation" time="0.0" classname="test.Get_APITest">
    <ignored/>
  </testcase> <!-- getCallComplexBodyValidation -->
</testsuite> <!-- Default test -->
