<?xml version="1.0" encoding="UTF-8"?>
<testng-results skipped="0" failed="0" ignored="0" total="1" passed="1">
  <reporter-output>
  </reporter-output>
  <suite name="Default suite" duration-ms="3353" started-at="2022-12-13T01:55:24 EST" finished-at="2022-12-13T01:55:27 EST">
    <groups>
    </groups>
    <test name="Default test" duration-ms="3353" started-at="2022-12-13T01:55:24 EST" finished-at="2022-12-13T01:55:27 EST">
      <class name="api.testscript.GetUserTest">
        <test-method status="PASS" signature="init()[pri:0, instance:api.testscript.GetUserTest@2a742aa2]" name="init" is-config="true" duration-ms="9" started-at="2022-12-13T01:55:24 EST" finished-at="2022-12-13T01:55:24 EST">
          <reporter-output>
          </reporter-output>
        </test-method> <!-- init -->
        <test-method status="PASS" signature="getuserTest()[pri:0, instance:api.testscript.GetUserTest@2a742aa2]" name="getuserTest" duration-ms="3290" started-at="2022-12-13T01:55:24 EST" finished-at="2022-12-13T01:55:27 EST">
          <reporter-output>
          </reporter-output>
        </test-method> <!-- getuserTest -->
      </class> <!-- api.testscript.GetUserTest -->
    </test> <!-- Default test -->
  </suite> <!-- Default suite -->
</testng-results>
